{"/Users/pawit/SoftEnd/se-project-backend-32_sing-nak-bid/models/Reservation.js": {"path":"/Users/pawit/SoftEnd/se-project-backend-32_sing-nak-bid/models/Reservation.js","statementMap":{"0":{"start":{"line":1,"column":17},"end":{"line":1,"column":36}},"1":{"start":{"line":3,"column":26},"end":{"line":31,"column":2}},"2":{"start":{"line":33,"column":0},"end":{"line":38,"column":3}},"3":{"start":{"line":41,"column":0},"end":{"line":41,"column":66}}},"fnMap":{},"branchMap":{},"s":{"0":1,"1":1,"2":1,"3":1},"f":{},"b":{},"_coverageSchema":"1a1c01bbd47fc00a2c39e90264f33305004495a9","hash":"9b4b2248ba7e34fb213b1f99833c368291503604"}
,"/Users/pawit/SoftEnd/se-project-backend-32_sing-nak-bid/models/Restaurant.js": {"path":"/Users/pawit/SoftEnd/se-project-backend-32_sing-nak-bid/models/Restaurant.js","statementMap":{"0":{"start":{"line":1,"column":17},"end":{"line":1,"column":36}},"1":{"start":{"line":3,"column":25},"end":{"line":89,"column":1}},"2":{"start":{"line":92,"column":0},"end":{"line":97,"column":3}},"3":{"start":{"line":99,"column":0},"end":{"line":104,"column":3}},"4":{"start":{"line":134,"column":0},"end":{"line":134,"column":64}}},"fnMap":{},"branchMap":{},"s":{"0":1,"1":1,"2":1,"3":1,"4":1},"f":{},"b":{},"_coverageSchema":"1a1c01bbd47fc00a2c39e90264f33305004495a9","hash":"7fe4a53319bf03c1670f7cfb08a0bc0d9bae95b7"}
,"/Users/pawit/SoftEnd/se-project-backend-32_sing-nak-bid/src/addReserve.js": {"path":"/Users/pawit/SoftEnd/se-project-backend-32_sing-nak-bid/src/addReserve.js","statementMap":{"0":{"start":{"line":1,"column":20},"end":{"line":1,"column":52}},"1":{"start":{"line":2,"column":19},"end":{"line":2,"column":50}},"2":{"start":{"line":7,"column":0},"end":{"line":31,"column":2}},"3":{"start":{"line":8,"column":4},"end":{"line":30,"column":5}},"4":{"start":{"line":9,"column":8},"end":{"line":9,"column":54}},"5":{"start":{"line":10,"column":8},"end":{"line":10,"column":32}},"6":{"start":{"line":11,"column":27},"end":{"line":11,"column":77}},"7":{"start":{"line":12,"column":8},"end":{"line":14,"column":9}},"8":{"start":{"line":13,"column":12},"end":{"line":13,"column":128}},"9":{"start":{"line":15,"column":8},"end":{"line":15,"column":36}},"10":{"start":{"line":17,"column":36},"end":{"line":17,"column":78}},"11":{"start":{"line":18,"column":8},"end":{"line":20,"column":9}},"12":{"start":{"line":19,"column":12},"end":{"line":19,"column":135}},"13":{"start":{"line":21,"column":28},"end":{"line":21,"column":62}},"14":{"start":{"line":23,"column":8},"end":{"line":26,"column":11}},"15":{"start":{"line":28,"column":8},"end":{"line":28,"column":33}},"16":{"start":{"line":29,"column":8},"end":{"line":29,"column":94}}},"fnMap":{"0":{"name":"(anonymous_0)","decl":{"start":{"line":7,"column":25},"end":{"line":7,"column":26}},"loc":{"start":{"line":7,"column":51},"end":{"line":31,"column":1}},"line":7}},"branchMap":{"0":{"loc":{"start":{"line":12,"column":8},"end":{"line":14,"column":9}},"type":"if","locations":[{"start":{"line":12,"column":8},"end":{"line":14,"column":9}},{"start":{},"end":{}}],"line":12},"1":{"loc":{"start":{"line":18,"column":8},"end":{"line":20,"column":9}},"type":"if","locations":[{"start":{"line":18,"column":8},"end":{"line":20,"column":9}},{"start":{},"end":{}}],"line":18},"2":{"loc":{"start":{"line":18,"column":12},"end":{"line":18,"column":72}},"type":"binary-expr","locations":[{"start":{"line":18,"column":12},"end":{"line":18,"column":43}},{"start":{"line":18,"column":47},"end":{"line":18,"column":72}}],"line":18}},"s":{"0":1,"1":1,"2":1,"3":5,"4":5,"5":5,"6":5,"7":4,"8":1,"9":3,"10":3,"11":3,"12":1,"13":2,"14":2,"15":1,"16":1},"f":{"0":5},"b":{"0":[1,3],"1":[1,2],"2":[3,2]},"_coverageSchema":"1a1c01bbd47fc00a2c39e90264f33305004495a9","hash":"44d955fa7232150150674a16564ddfe886a9acba"}
}
