{"C:\\Users\\Admin\\OneDrive\\Desktop\\swpractice\\swengineer\\itslookingdespairing\\se-project-backend-32_sing-nak-bid\\models\\Reservation.js": {"path":"C:\\Users\\Admin\\OneDrive\\Desktop\\swpractice\\swengineer\\itslookingdespairing\\se-project-backend-32_sing-nak-bid\\models\\Reservation.js","statementMap":{"0":{"start":{"line":1,"column":17},"end":{"line":1,"column":36}},"1":{"start":{"line":3,"column":26},"end":{"line":31,"column":2}},"2":{"start":{"line":33,"column":0},"end":{"line":38,"column":3}},"3":{"start":{"line":41,"column":0},"end":{"line":41,"column":66}}},"fnMap":{},"branchMap":{},"s":{"0":2,"1":2,"2":2,"3":2},"f":{},"b":{},"_coverageSchema":"1a1c01bbd47fc00a2c39e90264f33305004495a9","hash":"b81a43848d1f7bbfeab7fac17b72ed4083547dad"}
,"C:\\Users\\Admin\\OneDrive\\Desktop\\swpractice\\swengineer\\itslookingdespairing\\se-project-backend-32_sing-nak-bid\\models\\Restaurant.js": {"path":"C:\\Users\\Admin\\OneDrive\\Desktop\\swpractice\\swengineer\\itslookingdespairing\\se-project-backend-32_sing-nak-bid\\models\\Restaurant.js","statementMap":{"0":{"start":{"line":1,"column":17},"end":{"line":1,"column":36}},"1":{"start":{"line":3,"column":25},"end":{"line":89,"column":1}},"2":{"start":{"line":92,"column":0},"end":{"line":97,"column":3}},"3":{"start":{"line":99,"column":0},"end":{"line":104,"column":3}},"4":{"start":{"line":134,"column":0},"end":{"line":134,"column":64}}},"fnMap":{},"branchMap":{},"s":{"0":2,"1":2,"2":2,"3":2,"4":2},"f":{},"b":{},"_coverageSchema":"1a1c01bbd47fc00a2c39e90264f33305004495a9","hash":"bec70a5859fa164b446ac7ec4a6f00514a99476f"}
,"C:\\Users\\Admin\\OneDrive\\Desktop\\swpractice\\swengineer\\itslookingdespairing\\se-project-backend-32_sing-nak-bid\\src\\addRating.js": {"path":"C:\\Users\\Admin\\OneDrive\\Desktop\\swpractice\\swengineer\\itslookingdespairing\\se-project-backend-32_sing-nak-bid\\src\\addRating.js","statementMap":{"0":{"start":{"line":1,"column":20},"end":{"line":1,"column":52}},"1":{"start":{"line":2,"column":19},"end":{"line":2,"column":50}},"2":{"start":{"line":8,"column":0},"end":{"line":32,"column":4}},"3":{"start":{"line":9,"column":4},"end":{"line":31,"column":5}},"4":{"start":{"line":10,"column":25},"end":{"line":10,"column":75}},"5":{"start":{"line":11,"column":6},"end":{"line":13,"column":7}},"6":{"start":{"line":12,"column":8},"end":{"line":12,"column":89}},"7":{"start":{"line":15,"column":24},"end":{"line":19,"column":7}},"8":{"start":{"line":21,"column":6},"end":{"line":21,"column":41}},"9":{"start":{"line":22,"column":6},"end":{"line":22,"column":30}},"10":{"start":{"line":24,"column":6},"end":{"line":27,"column":9}},"11":{"start":{"line":29,"column":6},"end":{"line":29,"column":33}},"12":{"start":{"line":30,"column":6},"end":{"line":30,"column":84}}},"fnMap":{"0":{"name":"(anonymous_0)","decl":{"start":{"line":8,"column":20},"end":{"line":8,"column":21}},"loc":{"start":{"line":8,"column":46},"end":{"line":32,"column":3}},"line":8}},"branchMap":{"0":{"loc":{"start":{"line":11,"column":6},"end":{"line":13,"column":7}},"type":"if","locations":[{"start":{"line":11,"column":6},"end":{"line":13,"column":7}},{"start":{},"end":{}}],"line":11}},"s":{"0":1,"1":1,"2":1,"3":5,"4":5,"5":3,"6":1,"7":2,"8":2,"9":2,"10":1,"11":3,"12":3},"f":{"0":5},"b":{"0":[1,2]},"_coverageSchema":"1a1c01bbd47fc00a2c39e90264f33305004495a9","hash":"579626b2daf3fa0bcde0a357c048688c510dccf5"}
,"C:\\Users\\Admin\\OneDrive\\Desktop\\swpractice\\swengineer\\itslookingdespairing\\se-project-backend-32_sing-nak-bid\\src\\addReserve.js": {"path":"C:\\Users\\Admin\\OneDrive\\Desktop\\swpractice\\swengineer\\itslookingdespairing\\se-project-backend-32_sing-nak-bid\\src\\addReserve.js","statementMap":{"0":{"start":{"line":1,"column":20},"end":{"line":1,"column":52}},"1":{"start":{"line":2,"column":19},"end":{"line":2,"column":50}},"2":{"start":{"line":7,"column":0},"end":{"line":31,"column":2}},"3":{"start":{"line":8,"column":4},"end":{"line":30,"column":5}},"4":{"start":{"line":9,"column":8},"end":{"line":9,"column":54}},"5":{"start":{"line":10,"column":8},"end":{"line":10,"column":32}},"6":{"start":{"line":11,"column":27},"end":{"line":11,"column":77}},"7":{"start":{"line":12,"column":8},"end":{"line":14,"column":9}},"8":{"start":{"line":13,"column":12},"end":{"line":13,"column":128}},"9":{"start":{"line":15,"column":8},"end":{"line":15,"column":36}},"10":{"start":{"line":17,"column":36},"end":{"line":17,"column":78}},"11":{"start":{"line":18,"column":8},"end":{"line":20,"column":9}},"12":{"start":{"line":19,"column":12},"end":{"line":19,"column":135}},"13":{"start":{"line":21,"column":28},"end":{"line":21,"column":62}},"14":{"start":{"line":23,"column":8},"end":{"line":26,"column":11}},"15":{"start":{"line":28,"column":8},"end":{"line":28,"column":33}},"16":{"start":{"line":29,"column":8},"end":{"line":29,"column":94}}},"fnMap":{"0":{"name":"(anonymous_0)","decl":{"start":{"line":7,"column":25},"end":{"line":7,"column":26}},"loc":{"start":{"line":7,"column":51},"end":{"line":31,"column":1}},"line":7}},"branchMap":{"0":{"loc":{"start":{"line":12,"column":8},"end":{"line":14,"column":9}},"type":"if","locations":[{"start":{"line":12,"column":8},"end":{"line":14,"column":9}},{"start":{},"end":{}}],"line":12},"1":{"loc":{"start":{"line":18,"column":8},"end":{"line":20,"column":9}},"type":"if","locations":[{"start":{"line":18,"column":8},"end":{"line":20,"column":9}},{"start":{},"end":{}}],"line":18},"2":{"loc":{"start":{"line":18,"column":12},"end":{"line":18,"column":72}},"type":"binary-expr","locations":[{"start":{"line":18,"column":12},"end":{"line":18,"column":43}},{"start":{"line":18,"column":47},"end":{"line":18,"column":72}}],"line":18}},"s":{"0":1,"1":1,"2":1,"3":5,"4":5,"5":5,"6":5,"7":4,"8":1,"9":3,"10":3,"11":3,"12":1,"13":2,"14":2,"15":1,"16":1},"f":{"0":5},"b":{"0":[1,3],"1":[1,2],"2":[3,2]},"_coverageSchema":"1a1c01bbd47fc00a2c39e90264f33305004495a9","hash":"fdf498056ba7f552ab13cafa58465f0f4a36c71e"}
}
