TN:
SF:models\Reservation.js
FNF:0
FNH:0
DA:1,2
DA:3,2
DA:33,2
DA:41,2
LF:4
LH:4
BRF:0
BRH:0
end_of_record
TN:
SF:models\Restaurant.js
FNF:0
FNH:0
DA:1,2
DA:3,2
DA:92,2
DA:99,2
DA:134,2
LF:5
LH:5
BRF:0
BRH:0
end_of_record
TN:
SF:src\addRating.js
FN:8,(anonymous_0)
FNF:1
FNH:1
FNDA:5,(anonymous_0)
DA:1,1
DA:2,1
DA:8,1
DA:9,5
DA:10,5
DA:11,3
DA:12,1
DA:15,2
DA:21,2
DA:22,2
DA:24,1
DA:29,3
DA:30,3
LF:13
LH:13
BRDA:11,0,0,1
BRDA:11,0,1,2
BRF:2
BRH:2
end_of_record
TN:
SF:src\addReserve.js
FN:7,(anonymous_0)
FNF:1
FNH:1
FNDA:5,(anonymous_0)
DA:1,1
DA:2,1
DA:7,1
DA:8,5
DA:9,5
DA:10,5
DA:11,5
DA:12,4
DA:13,1
DA:15,3
DA:17,3
DA:18,3
DA:19,1
DA:21,2
DA:23,2
DA:28,1
DA:29,1
LF:17
LH:17
BRDA:12,0,0,1
BRDA:12,0,1,3
BRDA:18,1,0,1
BRDA:18,1,1,2
BRDA:18,2,0,3
BRDA:18,2,1,2
BRF:6
BRH:6
end_of_record
