TN:
SF:models/Reservation.js
FNF:0
FNH:0
DA:1,1
DA:3,1
DA:33,1
DA:41,1
LF:4
LH:4
BRF:0
BRH:0
end_of_record
TN:
SF:models/Restaurant.js
FNF:0
FNH:0
DA:1,1
DA:3,1
DA:92,1
DA:99,1
DA:134,1
LF:5
LH:5
BRF:0
BRH:0
end_of_record
TN:
SF:src/addReserve.js
FN:7,(anonymous_0)
FNF:1
FNH:1
FNDA:5,(anonymous_0)
DA:1,1
DA:2,1
DA:7,1
DA:8,5
DA:9,5
DA:10,5
DA:11,5
DA:12,4
DA:13,1
DA:15,3
DA:17,3
DA:18,3
DA:19,1
DA:21,2
DA:23,2
DA:28,1
DA:29,1
LF:17
LH:17
BRDA:12,0,0,1
BRDA:12,0,1,3
BRDA:18,1,0,1
BRDA:18,1,1,2
BRDA:18,2,0,3
BRDA:18,2,1,2
BRF:6
BRH:6
end_of_record
